<?xml version="1.0" encoding="UTF-8"?>
<!-- Generated by org.testng.reporters.JUnitXMLReporter -->
<testsuite ignored="0" hostname="Manjunath" failures="0" tests="3" name="Test" time="8.238" errors="0" timestamp="2024-06-27T15:45:41 IST">
  <testcase classname="com.sause.TestCases.LoginPageTest" name="loginMethod" time="1.189"/>
  <testcase classname="com.sause.TestCases.InventoryPageTest" name="cartItemCount" time="0.092"/>
  <testcase classname="com.sause.TestCases.InventoryPageTest" name="displayAllOptionsTest" time="0.042"/>
</testsuite> <!-- Test -->
