<?xml version="1.0" encoding="UTF-8"?>
<testsuite xmlns:xsi="http://www.w3.org/2001/XMLSchema-instance" xsi:noNamespaceSchemaLocation="https://maven.apache.org/surefire/maven-surefire-plugin/xsd/surefire-test-report-3.0.xsd" version="3.0" name="TestSuite" time="9.729" tests="3" errors="0" skipped="0" failures="0">
  <properties>
[...]
</properties>
  <testcase name="loginMethod" classname="com.sause.TestCases.LoginPageTest" time="1.195"/>
  <testcase name="cartItemCount" classname="com.sause.TestCases.InventoryPageTest" time="0.092"/>
  <testcase name="displayAllOptionsTest" classname="com.sause.TestCases.InventoryPageTest" time="0.048">
    <system-out><![CDATA[Name (A to Z)
Name (Z to A)
Price (low to high)
Price (high to low)
]]></system-out>
  </testcase>
</testsuite>