<?xml version="1.0" encoding="UTF-8"?>
<testng-results ignored="0" total="3" passed="3" failed="0" skipped="0">
  <reporter-output>
  </reporter-output>
  <suite started-at="2024-06-27T15:45:32 IST" name="Suite" finished-at="2024-06-27T15:45:41 IST" duration-ms="8238">
    <groups>
    </groups>
    <test started-at="2024-06-27T15:45:32 IST" name="Test" finished-at="2024-06-27T15:45:41 IST" duration-ms="8238">
      <class name="com.sause.TestCases.LoginPageTest">
        <test-method is-config="true" signature="setup()[pri:0, instance:com.sause.TestCases.LoginPageTest@2974f221]" started-at="2024-06-27T15:45:32 IST" name="setup" finished-at="2024-06-27T15:45:36 IST" duration-ms="3789" status="PASS">
          <reporter-output>
          </reporter-output>
        </test-method> <!-- setup -->
        <test-method signature="loginMethod()[pri:0, instance:com.sause.TestCases.LoginPageTest@2974f221]" started-at="2024-06-27T15:45:36 IST" name="loginMethod" finished-at="2024-06-27T15:45:37 IST" duration-ms="1189" status="PASS">
          <reporter-output>
          </reporter-output>
        </test-method> <!-- loginMethod -->
        <test-method is-config="true" signature="teardown()[pri:0, instance:com.sause.TestCases.LoginPageTest@2974f221]" started-at="2024-06-27T15:45:37 IST" name="teardown" finished-at="2024-06-27T15:45:38 IST" duration-ms="418" status="PASS">
          <reporter-output>
          </reporter-output>
        </test-method> <!-- teardown -->
      </class> <!-- com.sause.TestCases.LoginPageTest -->
      <class name="com.sause.TestCases.InventoryPageTest">
        <test-method is-config="true" signature="setup()[pri:0, instance:com.sause.TestCases.InventoryPageTest@163d04ff]" started-at="2024-06-27T15:45:38 IST" name="setup" finished-at="2024-06-27T15:45:40 IST" duration-ms="2292" status="PASS">
          <reporter-output>
          </reporter-output>
        </test-method> <!-- setup -->
        <test-method signature="cartItemCount()[pri:0, instance:com.sause.TestCases.InventoryPageTest@163d04ff]" started-at="2024-06-27T15:45:40 IST" name="cartItemCount" finished-at="2024-06-27T15:45:40 IST" duration-ms="92" status="PASS">
          <reporter-output>
          </reporter-output>
        </test-method> <!-- cartItemCount -->
        <test-method signature="displayAllOptionsTest()[pri:0, instance:com.sause.TestCases.InventoryPageTest@163d04ff]" started-at="2024-06-27T15:45:40 IST" name="displayAllOptionsTest" finished-at="2024-06-27T15:45:40 IST" duration-ms="42" status="PASS">
          <reporter-output>
          </reporter-output>
        </test-method> <!-- displayAllOptionsTest -->
        <test-method is-config="true" signature="teardown()[pri:0, instance:com.sause.TestCases.InventoryPageTest@163d04ff]" started-at="2024-06-27T15:45:40 IST" name="teardown" finished-at="2024-06-27T15:45:41 IST" duration-ms="338" status="PASS">
          <reporter-output>
          </reporter-output>
        </test-method> <!-- teardown -->
      </class> <!-- com.sause.TestCases.InventoryPageTest -->
    </test> <!-- Test -->
  </suite> <!-- Suite -->
</testng-results>
